<?xml version="1.0" encoding="UTF-8"?>
<!-- Generated by org.testng.reporters.JUnitReportReporter -->
<testsuite hostname="DESKTOP-4NU9KSS" failures="0" tests="1" name="testcases.Tc_001AccountRegistrationtest" time="2.368" errors="0" timestamp="2025-10-04T23:51:15 IST" skipped="0">
  <testcase classname="testcases.Tc_001AccountRegistrationtest" name="Testregistration" time="2.368"/>
</testsuite> <!-- testcases.Tc_001AccountRegistrationtest -->
