<?xml version="1.0" encoding="UTF-8"?>
<!-- Generated by org.testng.reporters.JUnitReportReporter -->
<testsuite hostname="DESKTOP-4NU9KSS" failures="0" tests="1" name="testcases.Tc_002Accountlogin" time="1.527" errors="0" timestamp="2025-10-04T23:51:15 IST" skipped="0">
  <testcase classname="testcases.Tc_002Accountlogin" name="testlogin" time="1.527"/>
</testsuite> <!-- testcases.Tc_002Accountlogin -->
